<?xml version="1.0" encoding="UTF-8"?>
<!-- Generated by org.testng.reporters.JUnitXMLReporter -->
<testsuite hostname="PBUDRE01" ignored="0" name="firefoxTest" tests="1" failures="1" timestamp="2020-09-03T22:50:22 IST" time="13.845" errors="0">
  <testcase name="initiateDriver" time="13.697" classname="DemoGI.DemoAI.App">
    <failure type="org.openqa.selenium.SessionNotCreatedException" message="session not created: This version of ChromeDriver only supports Chrome version 83
Build info: version: &amp;apos;3.141.59&amp;apos;, revision: &amp;apos;e82be7d358&amp;apos;, time: &amp;apos;2018-11-14T08:17:03&amp;apos;
System info: host: &amp;apos;PBUDRE01&amp;apos;, ip: &amp;apos;192.168.0.33&amp;apos;, os.name: &amp;apos;Windows 10&amp;apos;, os.arch: &amp;apos;x86&amp;apos;, os.version: &amp;apos;10.0&amp;apos;, java.version: &amp;apos;1.8.0_201&amp;apos;
Driver info: driver.version: ChromeDriver
remote stacktrace: Backtrace:
	Ordinal0 [0x004B9563+2725219]
	Ordinal0 [0x003B8551+1672529]
	Ordinal0 [0x002A0359+525145]
	Ordinal0 [0x00230B77+68471]
	Ordinal0 [0x0022D32C+54060]
	Ordinal0 [0x0024CC37+183351]
	Ordinal0 [0x0024CA3D+182845]
	Ordinal0 [0x0024A94B+174411]
	Ordinal0 [0x00232528+75048]
	Ordinal0 [0x002335A0+79264]
	Ordinal0 [0x00233539+79161]
	Ordinal0 [0x003CD607+1758727]
	GetHandleVerifier [0x005D6546+1050150]
	GetHandleVerifier [0x005D6291+1049457]
	GetHandleVerifier [0x005E10D7+1094071]
	GetHandleVerifier [0x005D6B46+1051686]
	Ordinal0 [0x003C5B06+1727238]
	Ordinal0 [0x003CEB7B+1764219]
	Ordinal0 [0x003CECE3+1764579]
	Ordinal0 [0x003E4C05+1854469]
	BaseThreadInitThunk [0x75C00419+25]
	RtlGetAppContainerNamedObjectPath [0x771866DD+237]
	RtlGetAppContainerNamedObjectPath [0x771866AD+189]
">
      <![CDATA[org.openqa.selenium.SessionNotCreatedException: session not created: This version of ChromeDriver only supports Chrome version 83
Build info: version: '3.141.59', revision: 'e82be7d358', time: '2018-11-14T08:17:03'
System info: host: 'PBUDRE01', ip: '192.168.0.33', os.name: 'Windows 10', os.arch: 'x86', os.version: '10.0', java.version: '1.8.0_201'
Driver info: driver.version: ChromeDriver
remote stacktrace: Backtrace:
Ordinal0 [0x004B9563+2725219]
Ordinal0 [0x003B8551+1672529]
Ordinal0 [0x002A0359+525145]
Ordinal0 [0x00230B77+68471]
Ordinal0 [0x0022D32C+54060]
Ordinal0 [0x0024CC37+183351]
Ordinal0 [0x0024CA3D+182845]
Ordinal0 [0x0024A94B+174411]
Ordinal0 [0x00232528+75048]
Ordinal0 [0x002335A0+79264]
Ordinal0 [0x00233539+79161]
Ordinal0 [0x003CD607+1758727]
GetHandleVerifier [0x005D6546+1050150]
GetHandleVerifier [0x005D6291+1049457]
GetHandleVerifier [0x005E10D7+1094071]
GetHandleVerifier [0x005D6B46+1051686]
Ordinal0 [0x003C5B06+1727238]
Ordinal0 [0x003CEB7B+1764219]
Ordinal0 [0x003CECE3+1764579]
Ordinal0 [0x003E4C05+1854469]
BaseThreadInitThunk [0x75C00419+25]
RtlGetAppContainerNamedObjectPath [0x771866DD+237]
RtlGetAppContainerNamedObjectPath [0x771866AD+189]

at org.openqa.selenium.remote.W3CHandshakeResponse.lambda$errorHandler$0(W3CHandshakeResponse.java:62)
at org.openqa.selenium.remote.HandshakeResponse.lambda$getResponseFunction$0(HandshakeResponse.java:30)
at org.openqa.selenium.remote.ProtocolHandshake.lambda$createSession$0(ProtocolHandshake.java:126)
at java.util.stream.ReferencePipeline$3$1.accept(ReferencePipeline.java:193)
at java.util.Spliterators$ArraySpliterator.tryAdvance(Spliterators.java:958)
at java.util.stream.ReferencePipeline.forEachWithCancel(ReferencePipeline.java:126)
at java.util.stream.AbstractPipeline.copyIntoWithCancel(AbstractPipeline.java:498)
at java.util.stream.AbstractPipeline.copyInto(AbstractPipeline.java:485)
at java.util.stream.AbstractPipeline.wrapAndCopyInto(AbstractPipeline.java:471)
at java.util.stream.FindOps$FindOp.evaluateSequential(FindOps.java:152)
at java.util.stream.AbstractPipeline.evaluate(AbstractPipeline.java:234)
at java.util.stream.ReferencePipeline.findFirst(ReferencePipeline.java:464)
at org.openqa.selenium.remote.ProtocolHandshake.createSession(ProtocolHandshake.java:128)
at org.openqa.selenium.remote.ProtocolHandshake.createSession(ProtocolHandshake.java:74)
at org.openqa.selenium.remote.HttpCommandExecutor.execute(HttpCommandExecutor.java:136)
at org.openqa.selenium.remote.service.DriverCommandExecutor.execute(DriverCommandExecutor.java:83)
at org.openqa.selenium.remote.RemoteWebDriver.execute(RemoteWebDriver.java:552)
at org.openqa.selenium.remote.RemoteWebDriver.startSession(RemoteWebDriver.java:213)
at org.openqa.selenium.remote.RemoteWebDriver.<init>(RemoteWebDriver.java:131)
at org.openqa.selenium.chrome.ChromeDriver.<init>(ChromeDriver.java:181)
at org.openqa.selenium.chrome.ChromeDriver.<init>(ChromeDriver.java:168)
at org.openqa.selenium.chrome.ChromeDriver.<init>(ChromeDriver.java:123)
at DemoGI.DemoAI.App.initiateDriver(App.java:45)
at java.util.ArrayList.forEach(ArrayList.java:1257)
at java.util.concurrent.FutureTask.run(FutureTask.java:266)
at java.util.concurrent.ThreadPoolExecutor.runWorker(ThreadPoolExecutor.java:1149)
at java.util.concurrent.ThreadPoolExecutor$Worker.run(ThreadPoolExecutor.java:624)
at java.lang.Thread.run(Thread.java:748)
... Removed 22 stack frames]]>
    </failure>
  </testcase> <!-- initiateDriver -->
</testsuite> <!-- firefoxTest -->
