<?xml version="1.0" encoding="UTF-8"?>
<testng-results skipped="0" failed="2" ignored="0" total="2" passed="0">
  <reporter-output>
  </reporter-output>
  <suite name="Suite" duration-ms="13850" started-at="2020-09-03T22:50:08 IST" finished-at="2020-09-03T22:50:22 IST">
    <groups>
    </groups>
    <test name="firefoxTest" duration-ms="13845" started-at="2020-09-03T22:50:08 IST" finished-at="2020-09-03T22:50:22 IST">
      <class name="DemoGI.DemoAI.App">
        <test-method status="FAIL" signature="initiateDriver()[pri:0, instance:DemoGI.DemoAI.App@cdbdf5]" name="initiateDriver" duration-ms="13697" started-at="2020-09-03T22:50:08 IST" finished-at="2020-09-03T22:50:22 IST">
          <exception class="org.openqa.selenium.SessionNotCreatedException">
            <message>
              <![CDATA[session not created: This version of ChromeDriver only supports Chrome version 83
Build info: version: '3.141.59', revision: 'e82be7d358', time: '2018-11-14T08:17:03'
System info: host: 'PBUDRE01', ip: '192.168.0.33', os.name: 'Windows 10', os.arch: 'x86', os.version: '10.0', java.version: '1.8.0_201'
Driver info: driver.version: ChromeDriver
remote stacktrace: Backtrace:
Ordinal0 [0x004B9563+2725219]
Ordinal0 [0x003B8551+1672529]
Ordinal0 [0x002A0359+525145]
Ordinal0 [0x00230B77+68471]
Ordinal0 [0x0022D32C+54060]
Ordinal0 [0x0024CC37+183351]
Ordinal0 [0x0024CA3D+182845]
Ordinal0 [0x0024A94B+174411]
Ordinal0 [0x00232528+75048]
Ordinal0 [0x002335A0+79264]
Ordinal0 [0x00233539+79161]
Ordinal0 [0x003CD607+1758727]
GetHandleVerifier [0x005D6546+1050150]
GetHandleVerifier [0x005D6291+1049457]
GetHandleVerifier [0x005E10D7+1094071]
GetHandleVerifier [0x005D6B46+1051686]
Ordinal0 [0x003C5B06+1727238]
Ordinal0 [0x003CEB7B+1764219]
Ordinal0 [0x003CECE3+1764579]
Ordinal0 [0x003E4C05+1854469]
BaseThreadInitThunk [0x75C00419+25]
RtlGetAppContainerNamedObjectPath [0x771866DD+237]
RtlGetAppContainerNamedObjectPath [0x771866AD+189]
]]>
            </message>
            <full-stacktrace>
              <![CDATA[org.openqa.selenium.SessionNotCreatedException: session not created: This version of ChromeDriver only supports Chrome version 83
Build info: version: '3.141.59', revision: 'e82be7d358', time: '2018-11-14T08:17:03'
System info: host: 'PBUDRE01', ip: '192.168.0.33', os.name: 'Windows 10', os.arch: 'x86', os.version: '10.0', java.version: '1.8.0_201'
Driver info: driver.version: ChromeDriver
remote stacktrace: Backtrace:
Ordinal0 [0x004B9563+2725219]
Ordinal0 [0x003B8551+1672529]
Ordinal0 [0x002A0359+525145]
Ordinal0 [0x00230B77+68471]
Ordinal0 [0x0022D32C+54060]
Ordinal0 [0x0024CC37+183351]
Ordinal0 [0x0024CA3D+182845]
Ordinal0 [0x0024A94B+174411]
Ordinal0 [0x00232528+75048]
Ordinal0 [0x002335A0+79264]
Ordinal0 [0x00233539+79161]
Ordinal0 [0x003CD607+1758727]
GetHandleVerifier [0x005D6546+1050150]
GetHandleVerifier [0x005D6291+1049457]
GetHandleVerifier [0x005E10D7+1094071]
GetHandleVerifier [0x005D6B46+1051686]
Ordinal0 [0x003C5B06+1727238]
Ordinal0 [0x003CEB7B+1764219]
Ordinal0 [0x003CECE3+1764579]
Ordinal0 [0x003E4C05+1854469]
BaseThreadInitThunk [0x75C00419+25]
RtlGetAppContainerNamedObjectPath [0x771866DD+237]
RtlGetAppContainerNamedObjectPath [0x771866AD+189]

at sun.reflect.NativeConstructorAccessorImpl.newInstance0(Native Method)
at sun.reflect.NativeConstructorAccessorImpl.newInstance(NativeConstructorAccessorImpl.java:62)
at sun.reflect.DelegatingConstructorAccessorImpl.newInstance(DelegatingConstructorAccessorImpl.java:45)
at java.lang.reflect.Constructor.newInstance(Constructor.java:423)
at org.openqa.selenium.remote.W3CHandshakeResponse.lambda$errorHandler$0(W3CHandshakeResponse.java:62)
at org.openqa.selenium.remote.HandshakeResponse.lambda$getResponseFunction$0(HandshakeResponse.java:30)
at org.openqa.selenium.remote.ProtocolHandshake.lambda$createSession$0(ProtocolHandshake.java:126)
at java.util.stream.ReferencePipeline$3$1.accept(ReferencePipeline.java:193)
at java.util.Spliterators$ArraySpliterator.tryAdvance(Spliterators.java:958)
at java.util.stream.ReferencePipeline.forEachWithCancel(ReferencePipeline.java:126)
at java.util.stream.AbstractPipeline.copyIntoWithCancel(AbstractPipeline.java:498)
at java.util.stream.AbstractPipeline.copyInto(AbstractPipeline.java:485)
at java.util.stream.AbstractPipeline.wrapAndCopyInto(AbstractPipeline.java:471)
at java.util.stream.FindOps$FindOp.evaluateSequential(FindOps.java:152)
at java.util.stream.AbstractPipeline.evaluate(AbstractPipeline.java:234)
at java.util.stream.ReferencePipeline.findFirst(ReferencePipeline.java:464)
at org.openqa.selenium.remote.ProtocolHandshake.createSession(ProtocolHandshake.java:128)
at org.openqa.selenium.remote.ProtocolHandshake.createSession(ProtocolHandshake.java:74)
at org.openqa.selenium.remote.HttpCommandExecutor.execute(HttpCommandExecutor.java:136)
at org.openqa.selenium.remote.service.DriverCommandExecutor.execute(DriverCommandExecutor.java:83)
at org.openqa.selenium.remote.RemoteWebDriver.execute(RemoteWebDriver.java:552)
at org.openqa.selenium.remote.RemoteWebDriver.startSession(RemoteWebDriver.java:213)
at org.openqa.selenium.remote.RemoteWebDriver.<init>(RemoteWebDriver.java:131)
at org.openqa.selenium.chrome.ChromeDriver.<init>(ChromeDriver.java:181)
at org.openqa.selenium.chrome.ChromeDriver.<init>(ChromeDriver.java:168)
at org.openqa.selenium.chrome.ChromeDriver.<init>(ChromeDriver.java:123)
at DemoGI.DemoAI.App.initiateDriver(App.java:45)
at sun.reflect.NativeMethodAccessorImpl.invoke0(Native Method)
at sun.reflect.NativeMethodAccessorImpl.invoke(NativeMethodAccessorImpl.java:62)
at sun.reflect.DelegatingMethodAccessorImpl.invoke(DelegatingMethodAccessorImpl.java:43)
at java.lang.reflect.Method.invoke(Method.java:498)
at org.testng.internal.MethodInvocationHelper.invokeMethod(MethodInvocationHelper.java:132)
at org.testng.internal.TestInvoker.invokeMethod(TestInvoker.java:599)
at org.testng.internal.TestInvoker.invokeTestMethod(TestInvoker.java:174)
at org.testng.internal.MethodRunner.runInSequence(MethodRunner.java:46)
at org.testng.internal.TestInvoker$MethodInvocationAgent.invoke(TestInvoker.java:822)
at org.testng.internal.TestInvoker.invokeTestMethods(TestInvoker.java:147)
at org.testng.internal.TestMethodWorker.invokeTestMethods(TestMethodWorker.java:146)
at org.testng.internal.TestMethodWorker.run(TestMethodWorker.java:128)
at java.util.ArrayList.forEach(ArrayList.java:1257)
at org.testng.TestRunner.privateRun(TestRunner.java:764)
at org.testng.TestRunner.run(TestRunner.java:585)
at org.testng.SuiteRunner.runTest(SuiteRunner.java:384)
at org.testng.SuiteRunner.access$000(SuiteRunner.java:28)
at org.testng.SuiteRunner$SuiteWorker.run(SuiteRunner.java:425)
at org.testng.internal.thread.ThreadUtil.lambda$execute$0(ThreadUtil.java:66)
at java.util.concurrent.FutureTask.run(FutureTask.java:266)
at java.util.concurrent.ThreadPoolExecutor.runWorker(ThreadPoolExecutor.java:1149)
at java.util.concurrent.ThreadPoolExecutor$Worker.run(ThreadPoolExecutor.java:624)
at java.lang.Thread.run(Thread.java:748)
]]>
            </full-stacktrace>
          </exception> <!-- org.openqa.selenium.SessionNotCreatedException -->
          <reporter-output>
          </reporter-output>
        </test-method> <!-- initiateDriver -->
      </class> <!-- DemoGI.DemoAI.App -->
    </test> <!-- firefoxTest -->
    <test name="ChromeTest" duration-ms="13845" started-at="2020-09-03T22:50:08 IST" finished-at="2020-09-03T22:50:22 IST">
      <class name="DemoGI.DemoAI.App">
        <test-method status="FAIL" signature="initiateDriver()[pri:0, instance:DemoGI.DemoAI.App@8806ef]" name="initiateDriver" duration-ms="13697" started-at="2020-09-03T22:50:08 IST" finished-at="2020-09-03T22:50:22 IST">
          <exception class="org.openqa.selenium.SessionNotCreatedException">
            <message>
              <![CDATA[session not created: This version of ChromeDriver only supports Chrome version 83
Build info: version: '3.141.59', revision: 'e82be7d358', time: '2018-11-14T08:17:03'
System info: host: 'PBUDRE01', ip: '192.168.0.33', os.name: 'Windows 10', os.arch: 'x86', os.version: '10.0', java.version: '1.8.0_201'
Driver info: driver.version: ChromeDriver
remote stacktrace: Backtrace:
Ordinal0 [0x004B9563+2725219]
Ordinal0 [0x003B8551+1672529]
Ordinal0 [0x002A0359+525145]
Ordinal0 [0x00230B77+68471]
Ordinal0 [0x0022D32C+54060]
Ordinal0 [0x0024CC37+183351]
Ordinal0 [0x0024CA3D+182845]
Ordinal0 [0x0024A94B+174411]
Ordinal0 [0x00232528+75048]
Ordinal0 [0x002335A0+79264]
Ordinal0 [0x00233539+79161]
Ordinal0 [0x003CD607+1758727]
GetHandleVerifier [0x005D6546+1050150]
GetHandleVerifier [0x005D6291+1049457]
GetHandleVerifier [0x005E10D7+1094071]
GetHandleVerifier [0x005D6B46+1051686]
Ordinal0 [0x003C5B06+1727238]
Ordinal0 [0x003CEB7B+1764219]
Ordinal0 [0x003CECE3+1764579]
Ordinal0 [0x003E4C05+1854469]
BaseThreadInitThunk [0x75C00419+25]
RtlGetAppContainerNamedObjectPath [0x771866DD+237]
RtlGetAppContainerNamedObjectPath [0x771866AD+189]
]]>
            </message>
            <full-stacktrace>
              <![CDATA[org.openqa.selenium.SessionNotCreatedException: session not created: This version of ChromeDriver only supports Chrome version 83
Build info: version: '3.141.59', revision: 'e82be7d358', time: '2018-11-14T08:17:03'
System info: host: 'PBUDRE01', ip: '192.168.0.33', os.name: 'Windows 10', os.arch: 'x86', os.version: '10.0', java.version: '1.8.0_201'
Driver info: driver.version: ChromeDriver
remote stacktrace: Backtrace:
Ordinal0 [0x004B9563+2725219]
Ordinal0 [0x003B8551+1672529]
Ordinal0 [0x002A0359+525145]
Ordinal0 [0x00230B77+68471]
Ordinal0 [0x0022D32C+54060]
Ordinal0 [0x0024CC37+183351]
Ordinal0 [0x0024CA3D+182845]
Ordinal0 [0x0024A94B+174411]
Ordinal0 [0x00232528+75048]
Ordinal0 [0x002335A0+79264]
Ordinal0 [0x00233539+79161]
Ordinal0 [0x003CD607+1758727]
GetHandleVerifier [0x005D6546+1050150]
GetHandleVerifier [0x005D6291+1049457]
GetHandleVerifier [0x005E10D7+1094071]
GetHandleVerifier [0x005D6B46+1051686]
Ordinal0 [0x003C5B06+1727238]
Ordinal0 [0x003CEB7B+1764219]
Ordinal0 [0x003CECE3+1764579]
Ordinal0 [0x003E4C05+1854469]
BaseThreadInitThunk [0x75C00419+25]
RtlGetAppContainerNamedObjectPath [0x771866DD+237]
RtlGetAppContainerNamedObjectPath [0x771866AD+189]

at sun.reflect.NativeConstructorAccessorImpl.newInstance0(Native Method)
at sun.reflect.NativeConstructorAccessorImpl.newInstance(NativeConstructorAccessorImpl.java:62)
at sun.reflect.DelegatingConstructorAccessorImpl.newInstance(DelegatingConstructorAccessorImpl.java:45)
at java.lang.reflect.Constructor.newInstance(Constructor.java:423)
at org.openqa.selenium.remote.W3CHandshakeResponse.lambda$errorHandler$0(W3CHandshakeResponse.java:62)
at org.openqa.selenium.remote.HandshakeResponse.lambda$getResponseFunction$0(HandshakeResponse.java:30)
at org.openqa.selenium.remote.ProtocolHandshake.lambda$createSession$0(ProtocolHandshake.java:126)
at java.util.stream.ReferencePipeline$3$1.accept(ReferencePipeline.java:193)
at java.util.Spliterators$ArraySpliterator.tryAdvance(Spliterators.java:958)
at java.util.stream.ReferencePipeline.forEachWithCancel(ReferencePipeline.java:126)
at java.util.stream.AbstractPipeline.copyIntoWithCancel(AbstractPipeline.java:498)
at java.util.stream.AbstractPipeline.copyInto(AbstractPipeline.java:485)
at java.util.stream.AbstractPipeline.wrapAndCopyInto(AbstractPipeline.java:471)
at java.util.stream.FindOps$FindOp.evaluateSequential(FindOps.java:152)
at java.util.stream.AbstractPipeline.evaluate(AbstractPipeline.java:234)
at java.util.stream.ReferencePipeline.findFirst(ReferencePipeline.java:464)
at org.openqa.selenium.remote.ProtocolHandshake.createSession(ProtocolHandshake.java:128)
at org.openqa.selenium.remote.ProtocolHandshake.createSession(ProtocolHandshake.java:74)
at org.openqa.selenium.remote.HttpCommandExecutor.execute(HttpCommandExecutor.java:136)
at org.openqa.selenium.remote.service.DriverCommandExecutor.execute(DriverCommandExecutor.java:83)
at org.openqa.selenium.remote.RemoteWebDriver.execute(RemoteWebDriver.java:552)
at org.openqa.selenium.remote.RemoteWebDriver.startSession(RemoteWebDriver.java:213)
at org.openqa.selenium.remote.RemoteWebDriver.<init>(RemoteWebDriver.java:131)
at org.openqa.selenium.chrome.ChromeDriver.<init>(ChromeDriver.java:181)
at org.openqa.selenium.chrome.ChromeDriver.<init>(ChromeDriver.java:168)
at org.openqa.selenium.chrome.ChromeDriver.<init>(ChromeDriver.java:123)
at DemoGI.DemoAI.App.initiateDriver(App.java:45)
at sun.reflect.NativeMethodAccessorImpl.invoke0(Native Method)
at sun.reflect.NativeMethodAccessorImpl.invoke(NativeMethodAccessorImpl.java:62)
at sun.reflect.DelegatingMethodAccessorImpl.invoke(DelegatingMethodAccessorImpl.java:43)
at java.lang.reflect.Method.invoke(Method.java:498)
at org.testng.internal.MethodInvocationHelper.invokeMethod(MethodInvocationHelper.java:132)
at org.testng.internal.TestInvoker.invokeMethod(TestInvoker.java:599)
at org.testng.internal.TestInvoker.invokeTestMethod(TestInvoker.java:174)
at org.testng.internal.MethodRunner.runInSequence(MethodRunner.java:46)
at org.testng.internal.TestInvoker$MethodInvocationAgent.invoke(TestInvoker.java:822)
at org.testng.internal.TestInvoker.invokeTestMethods(TestInvoker.java:147)
at org.testng.internal.TestMethodWorker.invokeTestMethods(TestMethodWorker.java:146)
at org.testng.internal.TestMethodWorker.run(TestMethodWorker.java:128)
at java.util.ArrayList.forEach(ArrayList.java:1257)
at org.testng.TestRunner.privateRun(TestRunner.java:764)
at org.testng.TestRunner.run(TestRunner.java:585)
at org.testng.SuiteRunner.runTest(SuiteRunner.java:384)
at org.testng.SuiteRunner.access$000(SuiteRunner.java:28)
at org.testng.SuiteRunner$SuiteWorker.run(SuiteRunner.java:425)
at org.testng.internal.thread.ThreadUtil.lambda$execute$0(ThreadUtil.java:66)
at java.util.concurrent.FutureTask.run(FutureTask.java:266)
at java.util.concurrent.ThreadPoolExecutor.runWorker(ThreadPoolExecutor.java:1149)
at java.util.concurrent.ThreadPoolExecutor$Worker.run(ThreadPoolExecutor.java:624)
at java.lang.Thread.run(Thread.java:748)
]]>
            </full-stacktrace>
          </exception> <!-- org.openqa.selenium.SessionNotCreatedException -->
          <reporter-output>
          </reporter-output>
        </test-method> <!-- initiateDriver -->
      </class> <!-- DemoGI.DemoAI.App -->
    </test> <!-- ChromeTest -->
  </suite> <!-- Suite -->
</testng-results>
